C:\USERS\ABHIS\DOCUMENTS\VISUAL STUDIO 2012\PROJECTS\MINI PROJECT\MINI PROJECT\DEBUG\MAIN.OBJ
C:\USERS\ABHIS\DOCUMENTS\VISUAL STUDIO 2012\PROJECTS\MINI PROJECT\MINI PROJECT\DEBUG\VC110.PDB
C:\USERS\ABHIS\DOCUMENTS\VISUAL STUDIO 2012\PROJECTS\MINI PROJECT\MINI PROJECT\DEBUG\SOURCE.OBJ
C:\USERS\ABHIS\DOCUMENTS\VISUAL STUDIO 2012\PROJECTS\MINI PROJECT\DEBUG\MINI PROJECT.ILK
C:\USERS\ABHIS\DOCUMENTS\VISUAL STUDIO 2012\PROJECTS\MINI PROJECT\DEBUG\MINI PROJECT.EXE
C:\USERS\ABHIS\DOCUMENTS\VISUAL STUDIO 2012\PROJECTS\MINI PROJECT\DEBUG\MINI PROJECT.PDB
C:\Users\abhis\documents\visual studio 2012\Projects\MINI PROJECT\MINI PROJECT\Debug\MAIN.obj
C:\Users\abhis\documents\visual studio 2012\Projects\MINI PROJECT\MINI PROJECT\Debug\Source.obj
C:\Users\abhis\documents\visual studio 2012\Projects\MINI PROJECT\MINI PROJECT\Debug\cl.command.1.tlog
C:\Users\abhis\documents\visual studio 2012\Projects\MINI PROJECT\MINI PROJECT\Debug\CL.read.1.tlog
C:\Users\abhis\documents\visual studio 2012\Projects\MINI PROJECT\MINI PROJECT\Debug\CL.write.1.tlog
C:\Users\abhis\documents\visual studio 2012\Projects\MINI PROJECT\MINI PROJECT\Debug\link-cvtres.read.1.tlog
C:\Users\abhis\documents\visual studio 2012\Projects\MINI PROJECT\MINI PROJECT\Debug\link-cvtres.write.1.tlog
C:\Users\abhis\documents\visual studio 2012\Projects\MINI PROJECT\MINI PROJECT\Debug\link-rc.read.1.tlog
C:\Users\abhis\documents\visual studio 2012\Projects\MINI PROJECT\MINI PROJECT\Debug\link-rc.write.1.tlog
C:\Users\abhis\documents\visual studio 2012\Projects\MINI PROJECT\MINI PROJECT\Debug\link.11656-cvtres.read.1.tlog
C:\Users\abhis\documents\visual studio 2012\Projects\MINI PROJECT\MINI PROJECT\Debug\link.11656-cvtres.write.1.tlog
C:\Users\abhis\documents\visual studio 2012\Projects\MINI PROJECT\MINI PROJECT\Debug\link.11656-rc.read.1.tlog
C:\Users\abhis\documents\visual studio 2012\Projects\MINI PROJECT\MINI PROJECT\Debug\link.11656-rc.write.1.tlog
C:\Users\abhis\documents\visual studio 2012\Projects\MINI PROJECT\MINI PROJECT\Debug\link.11656.read.1.tlog
C:\Users\abhis\documents\visual studio 2012\Projects\MINI PROJECT\MINI PROJECT\Debug\link.11656.write.1.tlog
C:\Users\abhis\documents\visual studio 2012\Projects\MINI PROJECT\MINI PROJECT\Debug\link.11688-cvtres.read.1.tlog
C:\Users\abhis\documents\visual studio 2012\Projects\MINI PROJECT\MINI PROJECT\Debug\link.11688-cvtres.write.1.tlog
C:\Users\abhis\documents\visual studio 2012\Projects\MINI PROJECT\MINI PROJECT\Debug\link.11688-rc.read.1.tlog
C:\Users\abhis\documents\visual studio 2012\Projects\MINI PROJECT\MINI PROJECT\Debug\link.11688-rc.write.1.tlog
C:\Users\abhis\documents\visual studio 2012\Projects\MINI PROJECT\MINI PROJECT\Debug\link.11688.read.1.tlog
C:\Users\abhis\documents\visual studio 2012\Projects\MINI PROJECT\MINI PROJECT\Debug\link.11688.write.1.tlog
C:\Users\abhis\documents\visual studio 2012\Projects\MINI PROJECT\MINI PROJECT\Debug\link.1228-cvtres.read.1.tlog
C:\Users\abhis\documents\visual studio 2012\Projects\MINI PROJECT\MINI PROJECT\Debug\link.1228-cvtres.write.1.tlog
C:\Users\abhis\documents\visual studio 2012\Projects\MINI PROJECT\MINI PROJECT\Debug\link.1228-rc.read.1.tlog
C:\Users\abhis\documents\visual studio 2012\Projects\MINI PROJECT\MINI PROJECT\Debug\link.1228-rc.write.1.tlog
C:\Users\abhis\documents\visual studio 2012\Projects\MINI PROJECT\MINI PROJECT\Debug\link.1228.read.1.tlog
C:\Users\abhis\documents\visual studio 2012\Projects\MINI PROJECT\MINI PROJECT\Debug\link.1228.write.1.tlog
C:\Users\abhis\documents\visual studio 2012\Projects\MINI PROJECT\MINI PROJECT\Debug\link.20724-cvtres.read.1.tlog
C:\Users\abhis\documents\visual studio 2012\Projects\MINI PROJECT\MINI PROJECT\Debug\link.20724-cvtres.write.1.tlog
C:\Users\abhis\documents\visual studio 2012\Projects\MINI PROJECT\MINI PROJECT\Debug\link.20724-rc.read.1.tlog
C:\Users\abhis\documents\visual studio 2012\Projects\MINI PROJECT\MINI PROJECT\Debug\link.20724-rc.write.1.tlog
C:\Users\abhis\documents\visual studio 2012\Projects\MINI PROJECT\MINI PROJECT\Debug\link.20724.read.1.tlog
C:\Users\abhis\documents\visual studio 2012\Projects\MINI PROJECT\MINI PROJECT\Debug\link.20724.write.1.tlog
C:\Users\abhis\documents\visual studio 2012\Projects\MINI PROJECT\MINI PROJECT\Debug\link.3480-cvtres.read.1.tlog
C:\Users\abhis\documents\visual studio 2012\Projects\MINI PROJECT\MINI PROJECT\Debug\link.3480-cvtres.write.1.tlog
C:\Users\abhis\documents\visual studio 2012\Projects\MINI PROJECT\MINI PROJECT\Debug\link.3480-rc.read.1.tlog
C:\Users\abhis\documents\visual studio 2012\Projects\MINI PROJECT\MINI PROJECT\Debug\link.3480-rc.write.1.tlog
C:\Users\abhis\documents\visual studio 2012\Projects\MINI PROJECT\MINI PROJECT\Debug\link.3480.read.1.tlog
C:\Users\abhis\documents\visual studio 2012\Projects\MINI PROJECT\MINI PROJECT\Debug\link.3480.write.1.tlog
C:\Users\abhis\documents\visual studio 2012\Projects\MINI PROJECT\MINI PROJECT\Debug\link.9836-cvtres.read.1.tlog
C:\Users\abhis\documents\visual studio 2012\Projects\MINI PROJECT\MINI PROJECT\Debug\link.9836-cvtres.write.1.tlog
C:\Users\abhis\documents\visual studio 2012\Projects\MINI PROJECT\MINI PROJECT\Debug\link.9836-rc.read.1.tlog
C:\Users\abhis\documents\visual studio 2012\Projects\MINI PROJECT\MINI PROJECT\Debug\link.9836-rc.write.1.tlog
C:\Users\abhis\documents\visual studio 2012\Projects\MINI PROJECT\MINI PROJECT\Debug\link.9836.read.1.tlog
C:\Users\abhis\documents\visual studio 2012\Projects\MINI PROJECT\MINI PROJECT\Debug\link.9836.write.1.tlog
C:\Users\abhis\documents\visual studio 2012\Projects\MINI PROJECT\MINI PROJECT\Debug\link.command.1.tlog
C:\Users\abhis\documents\visual studio 2012\Projects\MINI PROJECT\MINI PROJECT\Debug\link.read.1.tlog
C:\Users\abhis\documents\visual studio 2012\Projects\MINI PROJECT\MINI PROJECT\Debug\link.write.1.tlog
C:\Users\abhis\documents\visual studio 2012\Projects\MINI PROJECT\MINI PROJECT\Debug\vc110.idb
C:\Users\abhis\documents\visual studio 2012\Projects\MINI PROJECT\MINI PROJECT\Debug\vc110.pdb
C:\Users\abhis\documents\visual studio 2012\Projects\MINI PROJECT\Debug\MINI PROJECT.pdb
C:\Users\abhis\documents\visual studio 2012\Projects\MINI PROJECT\Debug\MINI PROJECT.exe
C:\Users\abhis\documents\visual studio 2012\Projects\MINI PROJECT\Debug\MINI PROJECT.ilk
